<?xml version="1.0" encoding="UTF-8"?>
<!-- Generated by org.testng.reporters.JUnitReportReporter -->
<testsuite hostname="Sen-87389" failures="0" tests="2" name="com.course.cases.UpdateUserInfoTest" time="4.116" errors="0" timestamp="2025-07-13T18:27:51 CST" skipped="0">
  <testcase classname="com.course.cases.UpdateUserInfoTest" name="UpdateUserInfo" time="2.066"/>
  <system-out/>
  <testcase classname="com.course.cases.UpdateUserInfoTest" name="deleteUserInfo" time="2.050"/>
  <system-out/>
</testsuite> <!-- com.course.cases.UpdateUserInfoTest -->
