<?xml version="1.0" encoding="UTF-8"?>
<!-- Generated by org.testng.reporters.JUnitReportReporter -->
<testsuite hostname="Sen-87389" failures="0" tests="2" name="com.course.cases.LoginTest" time="1.363" errors="0" timestamp="2025-07-14T09:56:55 CST" skipped="0">
  <testcase classname="com.course.cases.LoginTest" name="loginTrue" time="1.316"/>
  <system-out/>
  <testcase classname="com.course.cases.LoginTest" name="loginFalse" time="0.047"/>
  <system-out/>
</testsuite> <!-- com.course.cases.LoginTest -->
