<?xml version="1.0" encoding="UTF-8"?>
<!-- Generated by org.testng.reporters.JUnitReportReporter -->
<testsuite hostname="Sen-87389" failures="0" tests="1" name="com.course.cases.GetUserInfoTest" time="2.083" errors="0" timestamp="2025-07-14T09:56:55 CST" skipped="0">
  <testcase classname="com.course.cases.GetUserInfoTest" name="GetUserInfo" time="2.083"/>
  <system-out/>
</testsuite> <!-- com.course.cases.GetUserInfoTest -->
