<?xml version="1.0" encoding="UTF-8"?>
<testsuite xmlns:xsi="http://www.w3.org/2001/XMLSchema-instance" xsi:noNamespaceSchemaLocation="https://maven.apache.org/surefire/maven-surefire-plugin/xsd/surefire-test-report-3.0.xsd" version="3.0" name="TestSuite" time="10.977" tests="6" errors="0" skipped="0" failures="0">
  <properties>
    <property name="java.specification.version" value="17"/>
    <property name="sun.cpu.isalist" value="amd64"/>
    <property name="sun.jnu.encoding" value="GBK"/>
    <property name="java.class.path" value="C:\Users\87389\IdeaProjects\AutoTest\Chapter12\target\test-classes;C:\Users\87389\IdeaProjects\AutoTest\Chapter12\target\classes;C:\Users\87389\.m2\repository\commons-logging\commons-logging\1.2\commons-logging-1.2.jar;C:\Users\87389\.m2\repository\org\apache\httpcomponents\httpclient\4.5.14\httpclient-4.5.14.jar;C:\Users\87389\.m2\repository\commons-codec\commons-codec\1.15\commons-codec-1.15.jar;C:\Users\87389\.m2\repository\org\json\json\20220320\json-20220320.jar;C:\Users\87389\.m2\repository\org\mybatis\mybatis\3.5.13\mybatis-3.5.13.jar;C:\Users\87389\.m2\repository\com\mysql\mysql-connector-j\8.0.33\mysql-connector-j-8.0.33.jar;C:\Users\87389\.m2\repository\org\projectlombok\lombok\1.16.14\lombok-1.16.14.jar;C:\Users\87389\.m2\repository\org\testng\testng\7.7.1\testng-7.7.1.jar;C:\Users\87389\.m2\repository\org\slf4j\slf4j-api\2.0.7\slf4j-api-2.0.7.jar;C:\Users\87389\.m2\repository\com\beust\jcommander\1.82\jcommander-1.82.jar;C:\Users\87389\.m2\repository\org\webjars\jquery\3.6.1\jquery-3.6.1.jar;C:\Users\87389\.m2\repository\com\relevantcodes\extentreports\2.41.2\extentreports-2.41.2.jar;C:\Users\87389\.m2\repository\org\jsoup\jsoup\1.8.3\jsoup-1.8.3.jar;C:\Users\87389\.m2\repository\org\xerial\sqlite-jdbc\3.39.4.1\sqlite-jdbc-3.39.4.1.jar;C:\Users\87389\.m2\repository\org\freemarker\freemarker\2.3.32\freemarker-2.3.32.jar;C:\Users\87389\.m2\repository\org\mongodb\mongodb-driver\3.0.4\mongodb-driver-3.0.4.jar;C:\Users\87389\.m2\repository\org\mongodb\bson\4.8.2\bson-4.8.2.jar;C:\Users\87389\.m2\repository\org\mongodb\mongodb-driver-core\4.8.2\mongodb-driver-core-4.8.2.jar;C:\Users\87389\.m2\repository\org\mongodb\bson-record-codec\4.8.2\bson-record-codec-4.8.2.jar;C:\Users\87389\.m2\repository\com\vimalselvam\testng-extentsreport\1.3.1\testng-extentsreport-1.3.1.jar;C:\Users\87389\.m2\repository\com\google\guava\guava\20.0\guava-20.0.jar;C:\Users\87389\.m2\repository\com\aventstack\extentreports\3.1.5\extentreports-3.1.5.jar;C:\Users\87389\.m2\repository\org\apache\httpcomponents\httpmime\4.5.14\httpmime-4.5.14.jar;C:\Users\87389\.m2\repository\com\google\code\gson\gson\2.9.1\gson-2.9.1.jar;C:\Users\87389\.m2\repository\org\jetbrains\annotations\16.0.2\annotations-16.0.2.jar;C:\Users\87389\.m2\repository\org\apache\logging\log4j\log4j-slf4j2-impl\2.20.0\log4j-slf4j2-impl-2.20.0.jar;C:\Users\87389\.m2\repository\org\apache\logging\log4j\log4j-api\2.19.0\log4j-api-2.19.0.jar;C:\Users\87389\.m2\repository\org\apache\logging\log4j\log4j-core\2.19.0\log4j-core-2.19.0.jar;C:\Users\87389\.m2\repository\org\skyscreamer\jsonassert\1.5.1\jsonassert-1.5.1.jar;C:\Users\87389\.m2\repository\com\vaadin\external\google\android-json\0.0.20131108.vaadin1\android-json-0.0.20131108.vaadin1.jar;C:\Users\87389\.m2\repository\org\mybatis\mybatis-spring\3.0.3\mybatis-spring-3.0.3.jar;C:\Users\87389\.m2\repository\org\springframework\boot\spring-boot-autoconfigure\3.0.5\spring-boot-autoconfigure-3.0.5.jar;C:\Users\87389\.m2\repository\org\springframework\boot\spring-boot\3.0.5\spring-boot-3.0.5.jar;C:\Users\87389\.m2\repository\org\springframework\spring-context\6.0.7\spring-context-6.0.7.jar;C:\Users\87389\.m2\repository\org\springframework\spring-aop\6.0.7\spring-aop-6.0.7.jar;C:\Users\87389\.m2\repository\org\springframework\spring-expression\6.0.7\spring-expression-6.0.7.jar;C:\Users\87389\.m2\repository\io\swagger\core\v3\swagger-models-jakarta\2.2.21\swagger-models-jakarta-2.2.21.jar;C:\Users\87389\.m2\repository\com\fasterxml\jackson\core\jackson-annotations\2.14.2\jackson-annotations-2.14.2.jar;C:\Users\87389\.m2\repository\org\springframework\spring-web\6.0.7\spring-web-6.0.7.jar;C:\Users\87389\.m2\repository\org\springframework\spring-beans\6.0.7\spring-beans-6.0.7.jar;C:\Users\87389\.m2\repository\org\springframework\spring-core\6.0.7\spring-core-6.0.7.jar;C:\Users\87389\.m2\repository\org\springframework\spring-jcl\6.0.7\spring-jcl-6.0.7.jar;C:\Users\87389\.m2\repository\io\micrometer\micrometer-observation\1.10.5\micrometer-observation-1.10.5.jar;C:\Users\87389\.m2\repository\io\micrometer\micrometer-commons\1.10.5\micrometer-commons-1.10.5.jar;C:\Users\87389\.m2\repository\io\swagger\swagger-annotations\1.6.9\swagger-annotations-1.6.9.jar;C:\Users\87389\.m2\repository\io\swagger\core\v3\swagger-annotations-jakarta\2.2.21\swagger-annotations-jakarta-2.2.21.jar;C:\Users\87389\.m2\repository\org\apache\tomcat\embed\tomcat-embed-core\10.1.7\tomcat-embed-core-10.1.7.jar;C:\Users\87389\.m2\repository\org\apache\tomcat\tomcat-annotations-api\10.1.7\tomcat-annotations-api-10.1.7.jar;C:\Users\87389\.m2\repository\jakarta\validation\jakarta.validation-api\3.0.2\jakarta.validation-api-3.0.2.jar;C:\Users\87389\.m2\repository\junit\junit\4.13.2\junit-4.13.2.jar;C:\Users\87389\.m2\repository\org\hamcrest\hamcrest-core\2.2\hamcrest-core-2.2.jar;C:\Users\87389\.m2\repository\org\hamcrest\hamcrest\2.2\hamcrest-2.2.jar;C:\Users\87389\.m2\repository\org\apache\httpcomponents\httpcore\4.4.16\httpcore-4.4.16.jar;"/>
    <property name="java.vm.vendor" value="Oracle Corporation"/>
    <property name="sun.arch.data.model" value="64"/>
    <property name="user.variant" value=""/>
    <property name="java.vendor.url" value="https://java.oracle.com/"/>
    <property name="user.timezone" value="Asia/Shanghai"/>
    <property name="os.name" value="Windows 10"/>
    <property name="java.vm.specification.version" value="17"/>
    <property name="sun.java.launcher" value="SUN_STANDARD"/>
    <property name="user.country" value="CN"/>
    <property name="sun.boot.library.path" value="C:\Program Files\Java\jdk-17\bin"/>
    <property name="sun.java.command" value="C:\Users\87389\AppData\Local\Temp\surefire8863611682053538897\surefirebooter-20250714095644333_3.jar C:\Users\87389\AppData\Local\Temp\surefire8863611682053538897 2025-07-14T09-56-43_983-jvmRun1 surefire-20250714095644333_1tmp surefire_0-20250714095644333_2tmp"/>
    <property name="jdk.debug" value="release"/>
    <property name="surefire.test.class.path" value="C:\Users\87389\IdeaProjects\AutoTest\Chapter12\target\test-classes;C:\Users\87389\IdeaProjects\AutoTest\Chapter12\target\classes;C:\Users\87389\.m2\repository\commons-logging\commons-logging\1.2\commons-logging-1.2.jar;C:\Users\87389\.m2\repository\org\apache\httpcomponents\httpclient\4.5.14\httpclient-4.5.14.jar;C:\Users\87389\.m2\repository\commons-codec\commons-codec\1.15\commons-codec-1.15.jar;C:\Users\87389\.m2\repository\org\json\json\20220320\json-20220320.jar;C:\Users\87389\.m2\repository\org\mybatis\mybatis\3.5.13\mybatis-3.5.13.jar;C:\Users\87389\.m2\repository\com\mysql\mysql-connector-j\8.0.33\mysql-connector-j-8.0.33.jar;C:\Users\87389\.m2\repository\org\projectlombok\lombok\1.16.14\lombok-1.16.14.jar;C:\Users\87389\.m2\repository\org\testng\testng\7.7.1\testng-7.7.1.jar;C:\Users\87389\.m2\repository\org\slf4j\slf4j-api\2.0.7\slf4j-api-2.0.7.jar;C:\Users\87389\.m2\repository\com\beust\jcommander\1.82\jcommander-1.82.jar;C:\Users\87389\.m2\repository\org\webjars\jquery\3.6.1\jquery-3.6.1.jar;C:\Users\87389\.m2\repository\com\relevantcodes\extentreports\2.41.2\extentreports-2.41.2.jar;C:\Users\87389\.m2\repository\org\jsoup\jsoup\1.8.3\jsoup-1.8.3.jar;C:\Users\87389\.m2\repository\org\xerial\sqlite-jdbc\3.39.4.1\sqlite-jdbc-3.39.4.1.jar;C:\Users\87389\.m2\repository\org\freemarker\freemarker\2.3.32\freemarker-2.3.32.jar;C:\Users\87389\.m2\repository\org\mongodb\mongodb-driver\3.0.4\mongodb-driver-3.0.4.jar;C:\Users\87389\.m2\repository\org\mongodb\bson\4.8.2\bson-4.8.2.jar;C:\Users\87389\.m2\repository\org\mongodb\mongodb-driver-core\4.8.2\mongodb-driver-core-4.8.2.jar;C:\Users\87389\.m2\repository\org\mongodb\bson-record-codec\4.8.2\bson-record-codec-4.8.2.jar;C:\Users\87389\.m2\repository\com\vimalselvam\testng-extentsreport\1.3.1\testng-extentsreport-1.3.1.jar;C:\Users\87389\.m2\repository\com\google\guava\guava\20.0\guava-20.0.jar;C:\Users\87389\.m2\repository\com\aventstack\extentreports\3.1.5\extentreports-3.1.5.jar;C:\Users\87389\.m2\repository\org\apache\httpcomponents\httpmime\4.5.14\httpmime-4.5.14.jar;C:\Users\87389\.m2\repository\com\google\code\gson\gson\2.9.1\gson-2.9.1.jar;C:\Users\87389\.m2\repository\org\jetbrains\annotations\16.0.2\annotations-16.0.2.jar;C:\Users\87389\.m2\repository\org\apache\logging\log4j\log4j-slf4j2-impl\2.20.0\log4j-slf4j2-impl-2.20.0.jar;C:\Users\87389\.m2\repository\org\apache\logging\log4j\log4j-api\2.19.0\log4j-api-2.19.0.jar;C:\Users\87389\.m2\repository\org\apache\logging\log4j\log4j-core\2.19.0\log4j-core-2.19.0.jar;C:\Users\87389\.m2\repository\org\skyscreamer\jsonassert\1.5.1\jsonassert-1.5.1.jar;C:\Users\87389\.m2\repository\com\vaadin\external\google\android-json\0.0.20131108.vaadin1\android-json-0.0.20131108.vaadin1.jar;C:\Users\87389\.m2\repository\org\mybatis\mybatis-spring\3.0.3\mybatis-spring-3.0.3.jar;C:\Users\87389\.m2\repository\org\springframework\boot\spring-boot-autoconfigure\3.0.5\spring-boot-autoconfigure-3.0.5.jar;C:\Users\87389\.m2\repository\org\springframework\boot\spring-boot\3.0.5\spring-boot-3.0.5.jar;C:\Users\87389\.m2\repository\org\springframework\spring-context\6.0.7\spring-context-6.0.7.jar;C:\Users\87389\.m2\repository\org\springframework\spring-aop\6.0.7\spring-aop-6.0.7.jar;C:\Users\87389\.m2\repository\org\springframework\spring-expression\6.0.7\spring-expression-6.0.7.jar;C:\Users\87389\.m2\repository\io\swagger\core\v3\swagger-models-jakarta\2.2.21\swagger-models-jakarta-2.2.21.jar;C:\Users\87389\.m2\repository\com\fasterxml\jackson\core\jackson-annotations\2.14.2\jackson-annotations-2.14.2.jar;C:\Users\87389\.m2\repository\org\springframework\spring-web\6.0.7\spring-web-6.0.7.jar;C:\Users\87389\.m2\repository\org\springframework\spring-beans\6.0.7\spring-beans-6.0.7.jar;C:\Users\87389\.m2\repository\org\springframework\spring-core\6.0.7\spring-core-6.0.7.jar;C:\Users\87389\.m2\repository\org\springframework\spring-jcl\6.0.7\spring-jcl-6.0.7.jar;C:\Users\87389\.m2\repository\io\micrometer\micrometer-observation\1.10.5\micrometer-observation-1.10.5.jar;C:\Users\87389\.m2\repository\io\micrometer\micrometer-commons\1.10.5\micrometer-commons-1.10.5.jar;C:\Users\87389\.m2\repository\io\swagger\swagger-annotations\1.6.9\swagger-annotations-1.6.9.jar;C:\Users\87389\.m2\repository\io\swagger\core\v3\swagger-annotations-jakarta\2.2.21\swagger-annotations-jakarta-2.2.21.jar;C:\Users\87389\.m2\repository\org\apache\tomcat\embed\tomcat-embed-core\10.1.7\tomcat-embed-core-10.1.7.jar;C:\Users\87389\.m2\repository\org\apache\tomcat\tomcat-annotations-api\10.1.7\tomcat-annotations-api-10.1.7.jar;C:\Users\87389\.m2\repository\jakarta\validation\jakarta.validation-api\3.0.2\jakarta.validation-api-3.0.2.jar;C:\Users\87389\.m2\repository\junit\junit\4.13.2\junit-4.13.2.jar;C:\Users\87389\.m2\repository\org\hamcrest\hamcrest-core\2.2\hamcrest-core-2.2.jar;C:\Users\87389\.m2\repository\org\hamcrest\hamcrest\2.2\hamcrest-2.2.jar;C:\Users\87389\.m2\repository\org\apache\httpcomponents\httpcore\4.4.16\httpcore-4.4.16.jar;"/>
    <property name="sun.cpu.endian" value="little"/>
    <property name="user.home" value="C:\Users\87389"/>
    <property name="user.language" value="zh"/>
    <property name="java.specification.vendor" value="Oracle Corporation"/>
    <property name="java.version.date" value="2023-10-17"/>
    <property name="java.home" value="C:\Program Files\Java\jdk-17"/>
    <property name="file.separator" value="\"/>
    <property name="basedir" value="C:\Users\87389\IdeaProjects\AutoTest\Chapter12"/>
    <property name="java.vm.compressedOopsMode" value="Zero based"/>
    <property name="line.separator" value="&#10;"/>
    <property name="java.vm.specification.vendor" value="Oracle Corporation"/>
    <property name="java.specification.name" value="Java Platform API Specification"/>
    <property name="surefire.real.class.path" value="C:\Users\87389\AppData\Local\Temp\surefire8863611682053538897\surefirebooter-20250714095644333_3.jar"/>
    <property name="user.script" value=""/>
    <property name="sun.management.compiler" value="HotSpot 64-Bit Tiered Compilers"/>
    <property name="java.runtime.version" value="17.0.9+11-LTS-201"/>
    <property name="user.name" value="87389"/>
    <property name="path.separator" value=";"/>
    <property name="os.version" value="10.0"/>
    <property name="java.runtime.name" value="Java(TM) SE Runtime Environment"/>
    <property name="file.encoding" value="GBK"/>
    <property name="java.vm.name" value="Java HotSpot(TM) 64-Bit Server VM"/>
    <property name="localRepository" value="C:\Users\87389\.m2\repository"/>
    <property name="java.vendor.url.bug" value="https://bugreport.java.com/bugreport/"/>
    <property name="java.io.tmpdir" value="C:\Users\87389\AppData\Local\Temp\"/>
    <property name="idea.version" value="2023.3.6"/>
    <property name="java.version" value="17.0.9"/>
    <property name="user.dir" value="C:\Users\87389\IdeaProjects\AutoTest\Chapter12"/>
    <property name="os.arch" value="amd64"/>
    <property name="java.vm.specification.name" value="Java Virtual Machine Specification"/>
    <property name="sun.os.patch.level" value=""/>
    <property name="native.encoding" value="GBK"/>
    <property name="java.library.path" value="C:\Program Files\Java\jdk-17\bin;C:\windows\Sun\Java\bin;C:\windows\system32;C:\windows;C:\Program Files\Java\jdk-17/bin;C:\Program Files\Java\jdk-17/jre/bin;C:\Program Files\Apache Software Foundation\Tomcat 9.0\lib;C:\Program Files\Apache Software Foundation\Tomcat 9.0\lib\servlet-api.jar;C:\Program Files\Apache Software Foundation\Tomcat 9.0\lib\jsp-api.jar;C:\windows\system32;C:\windows;C:\windows\System32\Wbem;C:\windows\System32\WindowsPowerShell\v1.0\;C:\windows\System32\OpenSSH\;C:\Program Files (x86)\NVIDIA Corporation\PhysX\Common;C:\Program Files\Git\cmd;C:\Program Files\Python\Python38-32;C:\Program Files\Python\Python38-32\Scripts;C:\Program Files\Python\Python39;C:\Program Files\Python\Python39\Scripts;C:\Program Files (x86)\NetSarang\Xshell 7\;C:\Program Files\MySQL\MySQL Server 8.0\bin;C:\Program Files\apache-maven-3.8.8\bin;C:\Program Files\apache-maven-3.5.4\bin;C:\Program Files\PuTTY\;C:\Program Files\TortoiseSVN\bin;C:\Program Files (x86)\NetSarang\Xftp 7\;C:\Program Files\Java\jdk-17;C:\Program Files\nodejs\;C:\Program Files\nodejs\node_global\node_modules;D:\Android\android-sdk\tools;D:\Android\android-sdk\platform-tools;D:\Android\android-sdk\build-tools\29.0.3;;C:\Program Files\Docker\Docker\resources\bin;C:\Users\87389\AppData\Local\Programs\Python\Python39\Scripts\;C:\Users\87389\AppData\Local\Programs\Python\Python39\;C:\Program Files\Python\Python39\Scripts\;C:\Program Files\Python\Python39\;C:\Users\87389\AppData\Local\Microsoft\WindowsApps;C:\Program Files\JetBrains\PyCharm 2019.1.1\bin;C:\Users\87389\AppData\Local\Programs\Fiddler;C:\Program Files\JetBrains\PyCharm Community Edition 2021.2.3\bin;C:\Program Files\JetBrains\PyCharm 2020.3.5\bin;C:\Users\87389\AppData\Local\Programs\Microsoft VS Code\bin;C:\Program Files (x86)\SSH Communications Security\SSH Secure Shell;C:\Program Files\JetBrains\IntelliJ IDEA 2023.1\bin;C:\Program Files\JetBrains\IntelliJ IDEA 2023.3.2\bin;;C:\Program Files\nodejs\node_global;C:\Program Files\JetBrains\IntelliJ IDEA Community Edition 2023.3.6\bin;;;."/>
    <property name="java.vm.info" value="mixed mode, sharing"/>
    <property name="java.vendor" value="Oracle Corporation"/>
    <property name="java.vm.version" value="17.0.9+11-LTS-201"/>
    <property name="sun.io.unicode.encoding" value="UnicodeLittle"/>
    <property name="java.class.version" value="61.0"/>
  </properties>
  <testcase name="loginTrue" classname="com.course.cases.LoginTest" time="1.316">
    <system-out><![CDATA[{id:1,userName:login,password:123555,expected:{"success":true,"message":"登录成功"}}
http://localhost:8888/v1/login
]]></system-out>
  </testcase>
  <testcase name="loginFalse" classname="com.course.cases.LoginTest" time="0.048">
    <system-out><![CDATA[{id:2,userName:SenAuto001,password:123456,expected:{"success":true,"message":"登录成功"}}
http://localhost:8888/v1/login
]]></system-out>
  </testcase>
  <testcase name="addUser" classname="com.course.cases.AddUserTest" time="2.088">
    <system-out><![CDATA[{id:1,userName:login,password:123555,sex:男,age:30,permission:0,isDelete:0,expected:{"success":false,"message":"未授权"}}
http://localhost:8888/v1/addUser
{"success":false,"message":"未授权"}
{id:1,userName:login,age:30,sex:男,permission:0,isDelete:0}
]]></system-out>
  </testcase>
  <testcase name="GetUserInfo" classname="com.course.cases.GetUserInfoTest" time="2.084">
    <system-out><![CDATA[{id:1,userId:1,expected:getUserInfo}
http://localhost:8888/v1/getUserInfo
调用接口result:[{"id":1,"userName":"login","password":"123555","age":"30","sex":"男","permission":"0","isDelete":"0","expected":null}]
["[{\"id\":1,\"userName\":\"login\",\"password\":\"123555\",\"age\":\"30\",\"sex\":\"男\",\"permission\":\"0\",\"isDelete\":\"0\",\"expected\":null}]"]
自己查库获取用户信息:{id:1,userName:login,age:30,sex:男,permission:0,isDelete:0}
获取用户信息:[{"isDelete":"0","sex":"男","permission":"0","id":1,"userName":"login","age":"30"}]
调用接口获取用户信息:[{"id":1,"userName":"login","password":"123555","age":"30","sex":"男","permission":"0","isDelete":"0","expected":null}]
]]></system-out>
  </testcase>
  <testcase name="UpdateUserInfo" classname="com.course.cases.UpdateUserInfoTest" time="2.07">
    <system-out><![CDATA[{id:1,userId:1,userName:login,sex:男,age:30,permission:0,isDelete:0,expected:getUpdateUserInfo}
http://localhost:8888/v1/updateUserInfo
{"success":true,"message":"更新用户信息成功: 1"}
{id:1,userName:login,age:30,sex:男,permission:0,isDelete:0}
]]></system-out>
  </testcase>
  <testcase name="deleteUserInfo" classname="com.course.cases.UpdateUserInfoTest" time="2.052">
    <system-out><![CDATA[{id:2,userId:2,userName:SenAuto001,sex:男,age:30,permission:0,isDelete:0,expected:getUpdateUserInfo}
http://localhost:8888/v1/updateUserInfo
{"success":true,"message":"更新用户信息成功: 1"}
{id:2,userName:SenAuto001,age:30,sex:男,permission:0,isDelete:0}
]]></system-out>
  </testcase>
</testsuite>